<?xml version="1.0" encoding="UTF-8"?>
<testng-results ignored="0" total="6" passed="6" failed="0" skipped="0">
  <reporter-output>
  </reporter-output>
  <suite started-at="2024-02-18T22:26:38 IST" name="Default suite" finished-at="2024-02-18T22:26:51 IST" duration-ms="12114">
    <groups>
      <group name="cucumber">
        <method signature="AbstractTestNGCucumberTests.runScenario(io.cucumber.testng.PickleWrapper,io.cucumber.testng.FeatureWrapper)[pri:0, instance:runners.MyRunner@1a75e76a]" name="runScenario" class="io.cucumber.testng.AbstractTestNGCucumberTests"/>
      </group> <!-- cucumber -->
    </groups>
    <test started-at="2024-02-18T22:26:38 IST" name="Default test" finished-at="2024-02-18T22:26:51 IST" duration-ms="12114">
      <class name="runners.MyRunner">
        <test-method is-config="true" signature="setUpClass(org.testng.ITestContext)[pri:0, instance:runners.MyRunner@1a75e76a]" started-at="2024-02-18T22:26:38 IST" name="setUpClass" finished-at="2024-02-18T22:26:39 IST" duration-ms="410" status="PASS">
          <params>
            <param index="0">
              <value>
                <![CDATA[org.testng.TestRunner@4a481728]]>
              </value>
            </param>
          </params>
          <reporter-output>
          </reporter-output>
        </test-method> <!-- setUpClass -->
        <test-method signature="runScenario(io.cucumber.testng.PickleWrapper,io.cucumber.testng.FeatureWrapper)[pri:0, instance:runners.MyRunner@1a75e76a]" started-at="2024-02-18T22:26:39 IST" name="runScenario" description="Runs Cucumber Scenarios" data-provider="scenarios" finished-at="2024-02-18T22:26:45 IST" duration-ms="5880" status="PASS">
          <params>
            <param index="0">
              <value>
                <![CDATA["Invalid Login into app"]]>
              </value>
            </param>
            <param index="1">
              <value>
                <![CDATA["Article Page Function"]]>
              </value>
            </param>
          </params>
          <reporter-output>
          </reporter-output>
        </test-method> <!-- runScenario -->
        <test-method signature="runScenario(io.cucumber.testng.PickleWrapper,io.cucumber.testng.FeatureWrapper)[pri:0, instance:runners.MyRunner@1a75e76a]" started-at="2024-02-18T22:26:45 IST" name="runScenario" description="Runs Cucumber Scenarios" data-provider="scenarios" finished-at="2024-02-18T22:26:45 IST" duration-ms="708" status="PASS">
          <params>
            <param index="0">
              <value>
                <![CDATA["Valid Login into app"]]>
              </value>
            </param>
            <param index="1">
              <value>
                <![CDATA["Article Page Function"]]>
              </value>
            </param>
          </params>
          <reporter-output>
          </reporter-output>
        </test-method> <!-- runScenario -->
        <test-method signature="runScenario(io.cucumber.testng.PickleWrapper,io.cucumber.testng.FeatureWrapper)[pri:0, instance:runners.MyRunner@1a75e76a]" started-at="2024-02-18T22:26:45 IST" name="runScenario" description="Runs Cucumber Scenarios" data-provider="scenarios" finished-at="2024-02-18T22:26:47 IST" duration-ms="1200" status="PASS">
          <params>
            <param index="0">
              <value>
                <![CDATA["User Create the Article with duplicate Title"]]>
              </value>
            </param>
            <param index="1">
              <value>
                <![CDATA["Article Page Function"]]>
              </value>
            </param>
          </params>
          <reporter-output>
          </reporter-output>
        </test-method> <!-- runScenario -->
        <test-method signature="runScenario(io.cucumber.testng.PickleWrapper,io.cucumber.testng.FeatureWrapper)[pri:0, instance:runners.MyRunner@1a75e76a]" started-at="2024-02-18T22:26:47 IST" name="runScenario" description="Runs Cucumber Scenarios" data-provider="scenarios" finished-at="2024-02-18T22:26:48 IST" duration-ms="1082" status="PASS">
          <params>
            <param index="0">
              <value>
                <![CDATA["User Create the new Article"]]>
              </value>
            </param>
            <param index="1">
              <value>
                <![CDATA["Article Page Function"]]>
              </value>
            </param>
          </params>
          <reporter-output>
          </reporter-output>
        </test-method> <!-- runScenario -->
        <test-method signature="runScenario(io.cucumber.testng.PickleWrapper,io.cucumber.testng.FeatureWrapper)[pri:0, instance:runners.MyRunner@1a75e76a]" started-at="2024-02-18T22:26:48 IST" name="runScenario" description="Runs Cucumber Scenarios" data-provider="scenarios" finished-at="2024-02-18T22:26:49 IST" duration-ms="1535" status="PASS">
          <params>
            <param index="0">
              <value>
                <![CDATA["User update the Article"]]>
              </value>
            </param>
            <param index="1">
              <value>
                <![CDATA["Article Page Function"]]>
              </value>
            </param>
          </params>
          <reporter-output>
          </reporter-output>
        </test-method> <!-- runScenario -->
        <test-method signature="runScenario(io.cucumber.testng.PickleWrapper,io.cucumber.testng.FeatureWrapper)[pri:0, instance:runners.MyRunner@1a75e76a]" started-at="2024-02-18T22:26:49 IST" name="runScenario" description="Runs Cucumber Scenarios" data-provider="scenarios" finished-at="2024-02-18T22:26:51 IST" duration-ms="1226" status="PASS">
          <params>
            <param index="0">
              <value>
                <![CDATA["User delete the Article"]]>
              </value>
            </param>
            <param index="1">
              <value>
                <![CDATA["Article Page Function"]]>
              </value>
            </param>
          </params>
          <reporter-output>
          </reporter-output>
        </test-method> <!-- runScenario -->
        <test-method is-config="true" signature="tearDownClass()[pri:0, instance:runners.MyRunner@1a75e76a]" started-at="2024-02-18T22:26:51 IST" name="tearDownClass" finished-at="2024-02-18T22:26:51 IST" duration-ms="33" status="PASS">
          <reporter-output>
          </reporter-output>
        </test-method> <!-- tearDownClass -->
      </class> <!-- runners.MyRunner -->
    </test> <!-- Default test -->
  </suite> <!-- Default suite -->
</testng-results>
